<?xml version="1.0" encoding="UTF-8"?>
<!-- Generated by org.testng.reporters.JUnitXMLReporter -->
<testsuite ignored="0" hostname="DESKTOP-KA6BLCO" failures="0" tests="4" name="Default test" time="21.809" errors="0" timestamp="2020-01-14T13:36:43 BDT">
  <testcase classname="Test.LoginPageTest" name="Check_Maxlength_for_Txtboxes" time="0.354"/>
  <testcase classname="Test.LoginPageTest" name="check_elements_visibility" time="0.56"/>
  <testcase classname="Test.LoginPageTest" name="login_test_Invalid_info" time="6.243"/>
  <testcase classname="Test.LoginPageTest" name="login_test_valid_info" time="7.646"/>
</testsuite> <!-- Default test -->
