<?xml version="1.0" encoding="UTF-8"?>
<!-- Generated by org.testng.reporters.JUnitXMLReporter -->
<testsuite ignored="0" hostname="DESKTOP-KA6BLCO" failures="0" tests="4" name="HubexTest" time="21.328" errors="0" timestamp="2020-01-10T16:05:58 BDT">
  <testcase classname="Test.LoginPageTest" name="Check_Maxlength_for_Txtboxes" time="0.437"/>
  <testcase classname="Test.LoginPageTest" name="check_elements_visibility" time="0.716"/>
  <testcase classname="Test.LoginPageTest" name="login_test_Invalid_info" time="6.051"/>
  <testcase classname="Test.LoginPageTest" name="login_test_valid_info" time="8.69"/>
</testsuite> <!-- HubexTest -->
