<?xml version="1.0" encoding="UTF-8"?>
<testng-results skipped="0" failed="0" total="2" passed="2">
  <reporter-output>
  </reporter-output>
  <suite name="HubexTestSuite" duration-ms="36923" started-at="2020-01-15T02:59:34Z" finished-at="2020-01-15T03:00:11Z">
    <groups>
    </groups>
    <test name="HubexTest" duration-ms="36923" started-at="2020-01-15T02:59:34Z" finished-at="2020-01-15T03:00:11Z">
      <class name="Test.CreateComponentPageTest">
        <test-method status="PASS" signature="startBrowserTNG()[pri:0, instance:Test.CreateComponentPageTest@d23e042]" name="startBrowserTNG" is-config="true" duration-ms="27564" started-at="2020-01-15T08:59:34Z" finished-at="2020-01-15T09:00:01Z">
          <reporter-output>
          </reporter-output>
        </test-method> <!-- startBrowserTNG -->
        <test-method status="PASS" signature="Creating_components_check()[pri:0, instance:Test.CreateComponentPageTest@d23e042]" name="Creating_components_check" duration-ms="8375" started-at="2020-01-15T09:00:02Z" finished-at="2020-01-15T09:00:10Z">
          <reporter-output>
          </reporter-output>
        </test-method> <!-- Creating_components_check -->
        <test-method status="PASS" signature="check_CrearComponentePage()[pri:0, instance:Test.CreateComponentPageTest@d23e042]" name="check_CrearComponentePage" duration-ms="582" started-at="2020-01-15T09:00:10Z" finished-at="2020-01-15T09:00:10Z">
          <reporter-output>
          </reporter-output>
        </test-method> <!-- check_CrearComponentePage -->
        <test-method status="PASS" signature="tearDownTNG()[pri:0, instance:Test.CreateComponentPageTest@d23e042]" name="tearDownTNG" is-config="true" duration-ms="364" started-at="2020-01-15T09:00:10Z" finished-at="2020-01-15T09:00:11Z">
          <reporter-output>
          </reporter-output>
        </test-method> <!-- tearDownTNG -->
      </class> <!-- Test.CreateComponentPageTest -->
    </test> <!-- HubexTest -->
  </suite> <!-- HubexTestSuite -->
</testng-results>
