<?xml version="1.0" encoding="UTF-8"?>
<testsuite xmlns:xsi="http://www.w3.org/2001/XMLSchema-instance" xsi:noNamespaceSchemaLocation="https://maven.apache.org/surefire/maven-surefire-plugin/xsd/surefire-test-report.xsd" name="TestSuite" time="69.533" tests="5" errors="0" skipped="0" failures="0">
  <properties>
[...]
</properties>
  <testcase name="Check_Maxlength_for_Txtboxes" classname="Test.LoginPageTest" time="0.191"/>
  <testcase name="check_elements_visibility" classname="Test.LoginPageTest" time="0.38"/>
  <testcase name="login_test_Invalid_info" classname="Test.LoginPageTest" time="5.619"/>
  <testcase name="login_test_valid_info" classname="Test.LoginPageTest" time="8.037"/>
  <testcase name="check_editarPage" classname="Test.EditComponentPageTest" time="9.444"/>
</testsuite>