<?xml version="1.0" encoding="UTF-8"?>
<testng-results skipped="0" failed="0" total="1" passed="1">
  <reporter-output>
  </reporter-output>
  <suite name="HubexTestSuite" duration-ms="31202" started-at="2020-01-16T06:56:34Z" finished-at="2020-01-16T06:57:05Z">
    <groups>
    </groups>
    <test name="HubexTest" duration-ms="31202" started-at="2020-01-16T06:56:34Z" finished-at="2020-01-16T06:57:05Z">
      <class name="Test.UsersPageTest">
        <test-method status="PASS" signature="startBrowserTNG()[pri:0, instance:Test.UsersPageTest@d23e042]" name="startBrowserTNG" is-config="true" duration-ms="25881" started-at="2020-01-16T12:56:34Z" finished-at="2020-01-16T12:57:00Z">
          <reporter-output>
          </reporter-output>
        </test-method> <!-- startBrowserTNG -->
        <test-method status="PASS" signature="Page_Elements_Visibility_Check()[pri:0, instance:Test.UsersPageTest@d23e042]" name="Page_Elements_Visibility_Check" duration-ms="750" started-at="2020-01-16T12:57:00Z" finished-at="2020-01-16T12:57:01Z">
          <reporter-output>
          </reporter-output>
        </test-method> <!-- Page_Elements_Visibility_Check -->
        <test-method status="PASS" signature="tearDownTNG()[pri:0, instance:Test.UsersPageTest@d23e042]" name="tearDownTNG" is-config="true" duration-ms="4500" started-at="2020-01-16T12:57:01Z" finished-at="2020-01-16T12:57:05Z">
          <reporter-output>
          </reporter-output>
        </test-method> <!-- tearDownTNG -->
      </class> <!-- Test.UsersPageTest -->
    </test> <!-- HubexTest -->
  </suite> <!-- HubexTestSuite -->
</testng-results>
