<?xml version="1.0" encoding="UTF-8"?>
<testng-results ignored="0" total="1" passed="1" failed="0" skipped="0">
  <reporter-output>
  </reporter-output>
  <suite started-at="2020-01-16T12:51:07 BDT" name="Default suite" finished-at="2020-01-16T12:51:36 BDT" duration-ms="28606">
    <groups>
    </groups>
    <test started-at="2020-01-16T12:51:07 BDT" name="Default test" finished-at="2020-01-16T12:51:36 BDT" duration-ms="28606">
      <class name="Test.UsersPageTest">
        <test-method is-config="true" signature="startBrowserTNG()[pri:0, instance:Test.UsersPageTest@65a4798f]" started-at="2020-01-16T12:51:07 BDT" name="startBrowserTNG" finished-at="2020-01-16T12:51:30 BDT" duration-ms="23261" status="PASS">
          <reporter-output>
          </reporter-output>
        </test-method> <!-- startBrowserTNG -->
        <test-method signature="Page_Elements_Visibility_Check()[pri:0, instance:Test.UsersPageTest@65a4798f]" started-at="2020-01-16T12:51:30 BDT" name="Page_Elements_Visibility_Check" finished-at="2020-01-16T12:51:31 BDT" duration-ms="979" status="PASS">
          <reporter-output>
          </reporter-output>
        </test-method> <!-- Page_Elements_Visibility_Check -->
        <test-method is-config="true" signature="tearDownTNG()[pri:0, instance:Test.UsersPageTest@65a4798f]" started-at="2020-01-16T12:51:31 BDT" name="tearDownTNG" finished-at="2020-01-16T12:51:36 BDT" duration-ms="4298" status="PASS">
          <reporter-output>
          </reporter-output>
        </test-method> <!-- tearDownTNG -->
      </class> <!-- Test.UsersPageTest -->
    </test> <!-- Default test -->
  </suite> <!-- Default suite -->
</testng-results>
