<?xml version="1.0" encoding="UTF-8"?>
<!-- Generated by org.testng.reporters.JUnitXMLReporter -->
<testsuite hostname="DESKTOP-KA6BLCO" name="HubexTest" tests="5" failures="0" timestamp="14 Jan 2020 08:39:37 GMT" time="52.081" errors="0">
  <testcase name="Check_Maxlength_for_Txtboxes" time="0.188" classname="Test.LoginPageTest"/>
  <testcase name="check_elements_visibility" time="0.387" classname="Test.LoginPageTest"/>
  <testcase name="login_test_Invalid_info" time="5.624" classname="Test.LoginPageTest"/>
  <testcase name="login_test_valid_info" time="8.035" classname="Test.LoginPageTest"/>
  <testcase name="check_editarPage" time="9.445" classname="Test.EditComponentPageTest"/>
</testsuite> <!-- HubexTest -->
